<?xml version="1.0" encoding="UTF-8"?>
<!-- Generated by org.testng.reporters.JUnitXMLReporter -->
<testsuite ignored="1" hostname="Strawberry" failures="0" tests="1" name="project-2-sw-5-com-tutorialsninja-smita" time="17.027" errors="0" timestamp="2024-06-17T13:04:00 BST">
  <testcase classname="com.tutorialsninja.demo.testsuite.LaptopsAndNotebooksPageTest" name="verifyProductsPriceDisplayHighToLowSuccessfully" time="10.068"/>
  <testcase classname="com.tutorialsninja.demo.testsuite.LaptopsAndNotebooksPageTest" name="verifyThatUserPlaceOrderSuccessfully" time="0.0">
    <ignored/>
  </testcase> <!-- verifyThatUserPlaceOrderSuccessfully -->
</testsuite> <!-- project-2-sw-5-com-tutorialsninja-smita -->
