<?xml version="1.0" encoding="UTF-8"?>
<testng-results ignored="0" total="1" passed="1" failed="0" skipped="0">
  <reporter-output>
    <line>
      <![CDATA[Click on laptops and notebooks [[ChromeDriver: chrome on windows (9a08d112f5ec2583d06bba7d0950a04c)] -> link text: Laptops & Notebooks]]]>
    </line>
    <line>
      <![CDATA[Select Show AllLaptops & Notebooks from [[[ChromeDriver: chrome on windows (9a08d112f5ec2583d06bba7d0950a04c)] -> xpath: //nav[@id='menu']//ul/li[contains(@class, 'open')]/div/child::*], [[ChromeDriver: chrome on windows (9a08d112f5ec2583d06bba7d0950a04c)] -> xpath: //nav[@id='menu']//ul/li[contains(@class, 'open')]/div/child::*]]]]>
    </line>
    <line>
      <![CDATA[Select option from [[ChromeDriver: chrome on windows (9a08d112f5ec2583d06bba7d0950a04c)] -> id: input-sort]]]>
    </line>
    <line>
      <![CDATA[Get product prices [[[ChromeDriver: chrome on windows (9a08d112f5ec2583d06bba7d0950a04c)] -> xpath: //p[@class ='price']], [[ChromeDriver: chrome on windows (9a08d112f5ec2583d06bba7d0950a04c)] -> xpath: //p[@class ='price']], [[ChromeDriver: chrome on windows (9a08d112f5ec2583d06bba7d0950a04c)] -> xpath: //p[@class ='price']], [[ChromeDriver: chrome on windows (9a08d112f5ec2583d06bba7d0950a04c)] -> xpath: //p[@class ='price']], [[ChromeDriver: chrome on windows (9a08d112f5ec2583d06bba7d0950a04c)] -> xpath: //p[@class ='price']]]]]>
    </line>
    <line>
      <![CDATA[Get product prices [[[ChromeDriver: chrome on windows (9a08d112f5ec2583d06bba7d0950a04c)] -> xpath: //p[@class ='price']], [[ChromeDriver: chrome on windows (9a08d112f5ec2583d06bba7d0950a04c)] -> xpath: //p[@class ='price']], [[ChromeDriver: chrome on windows (9a08d112f5ec2583d06bba7d0950a04c)] -> xpath: //p[@class ='price']], [[ChromeDriver: chrome on windows (9a08d112f5ec2583d06bba7d0950a04c)] -> xpath: //p[@class ='price']], [[ChromeDriver: chrome on windows (9a08d112f5ec2583d06bba7d0950a04c)] -> xpath: //p[@class ='price']]]]]>
    </line>
  </reporter-output>
  <suite started-at="2024-06-17T13:03:43 BST" name="Default Suite" finished-at="2024-06-17T13:04:00 BST" duration-ms="17027">
    <groups>
      <group name="regression">
        <method signature="LaptopsAndNotebooksPageTest.verifyProductsPriceDisplayHighToLowSuccessfully()[pri:0, instance:com.tutorialsninja.demo.testsuite.LaptopsAndNotebooksPageTest@71b1176b]" name="verifyProductsPriceDisplayHighToLowSuccessfully" class="com.tutorialsninja.demo.testsuite.LaptopsAndNotebooksPageTest"/>
      </group> <!-- regression -->
      <group name="sanity">
        <method signature="LaptopsAndNotebooksPageTest.verifyProductsPriceDisplayHighToLowSuccessfully()[pri:0, instance:com.tutorialsninja.demo.testsuite.LaptopsAndNotebooksPageTest@71b1176b]" name="verifyProductsPriceDisplayHighToLowSuccessfully" class="com.tutorialsninja.demo.testsuite.LaptopsAndNotebooksPageTest"/>
      </group> <!-- sanity -->
    </groups>
    <test started-at="2024-06-17T13:03:43 BST" name="project-2-sw-5-com-tutorialsninja-smita" finished-at="2024-06-17T13:04:00 BST" duration-ms="17027">
      <class name="com.tutorialsninja.demo.testsuite.LaptopsAndNotebooksPageTest">
        <test-method is-config="true" signature="setUp()[pri:0, instance:com.tutorialsninja.demo.testsuite.LaptopsAndNotebooksPageTest@71b1176b]" started-at="2024-06-17T13:03:44 BST" name="setUp" finished-at="2024-06-17T13:03:49 BST" duration-ms="5446" status="PASS">
          <reporter-output>
          </reporter-output>
        </test-method> <!-- setUp -->
        <test-method is-config="true" signature="inIt()[pri:0, instance:com.tutorialsninja.demo.testsuite.LaptopsAndNotebooksPageTest@71b1176b]" started-at="2024-06-17T13:03:49 BST" name="inIt" finished-at="2024-06-17T13:03:49 BST" duration-ms="75" status="PASS">
          <reporter-output>
          </reporter-output>
        </test-method> <!-- inIt -->
        <test-method signature="verifyProductsPriceDisplayHighToLowSuccessfully()[pri:0, instance:com.tutorialsninja.demo.testsuite.LaptopsAndNotebooksPageTest@71b1176b]" started-at="2024-06-17T13:03:49 BST" name="verifyProductsPriceDisplayHighToLowSuccessfully" finished-at="2024-06-17T13:03:59 BST" duration-ms="10068" status="PASS">
          <reporter-output>
            <line>
              <![CDATA[Click on laptops and notebooks [[ChromeDriver: chrome on windows (9a08d112f5ec2583d06bba7d0950a04c)] -> link text: Laptops & Notebooks]]]>
            </line>
            <line>
              <![CDATA[Select Show AllLaptops & Notebooks from [[[ChromeDriver: chrome on windows (9a08d112f5ec2583d06bba7d0950a04c)] -> xpath: //nav[@id='menu']//ul/li[contains(@class, 'open')]/div/child::*], [[ChromeDriver: chrome on windows (9a08d112f5ec2583d06bba7d0950a04c)] -> xpath: //nav[@id='menu']//ul/li[contains(@class, 'open')]/div/child::*]]]]>
            </line>
            <line>
              <![CDATA[Select option from [[ChromeDriver: chrome on windows (9a08d112f5ec2583d06bba7d0950a04c)] -> id: input-sort]]]>
            </line>
            <line>
              <![CDATA[Get product prices [[[ChromeDriver: chrome on windows (9a08d112f5ec2583d06bba7d0950a04c)] -> xpath: //p[@class ='price']], [[ChromeDriver: chrome on windows (9a08d112f5ec2583d06bba7d0950a04c)] -> xpath: //p[@class ='price']], [[ChromeDriver: chrome on windows (9a08d112f5ec2583d06bba7d0950a04c)] -> xpath: //p[@class ='price']], [[ChromeDriver: chrome on windows (9a08d112f5ec2583d06bba7d0950a04c)] -> xpath: //p[@class ='price']], [[ChromeDriver: chrome on windows (9a08d112f5ec2583d06bba7d0950a04c)] -> xpath: //p[@class ='price']]]]]>
            </line>
            <line>
              <![CDATA[Get product prices [[[ChromeDriver: chrome on windows (9a08d112f5ec2583d06bba7d0950a04c)] -> xpath: //p[@class ='price']], [[ChromeDriver: chrome on windows (9a08d112f5ec2583d06bba7d0950a04c)] -> xpath: //p[@class ='price']], [[ChromeDriver: chrome on windows (9a08d112f5ec2583d06bba7d0950a04c)] -> xpath: //p[@class ='price']], [[ChromeDriver: chrome on windows (9a08d112f5ec2583d06bba7d0950a04c)] -> xpath: //p[@class ='price']], [[ChromeDriver: chrome on windows (9a08d112f5ec2583d06bba7d0950a04c)] -> xpath: //p[@class ='price']]]]]>
            </line>
          </reporter-output>
        </test-method> <!-- verifyProductsPriceDisplayHighToLowSuccessfully -->
        <test-method is-config="true" signature="tearDown()[pri:0, instance:com.tutorialsninja.demo.testsuite.LaptopsAndNotebooksPageTest@71b1176b]" started-at="2024-06-17T13:03:59 BST" name="tearDown" finished-at="2024-06-17T13:04:00 BST" duration-ms="1150" status="PASS">
          <reporter-output>
          </reporter-output>
        </test-method> <!-- tearDown -->
      </class> <!-- com.tutorialsninja.demo.testsuite.LaptopsAndNotebooksPageTest -->
    </test> <!-- project-2-sw-5-com-tutorialsninja-smita -->
  </suite> <!-- Default Suite -->
</testng-results>
